<?xml version="1.0" encoding="UTF-8"?>
<!-- Generated by org.testng.reporters.JUnitReportReporter -->
<testsuite hostname="LAPTOP-CQ1GFPOJ" failures="0" tests="1" name="test_cases.A" time="0.006" errors="0" timestamp="2024-05-08T17:41:11 IST" skipped="0">
  <testcase classname="test_cases.A" name="launchBrowser" time="0.006"/>
  <system-out/>
</testsuite> <!-- test_cases.A -->
