<?xml version="1.0" encoding="UTF-8"?>
<!-- Generated by org.testng.reporters.JUnitReportReporter -->
<testsuite hostname="LAPTOP-CQ1GFPOJ" failures="0" tests="5" name="test_cases.Priorities_with_Enabled" time="0.017" errors="0" timestamp="2024-05-09T19:56:03 IST" skipped="2">
  <testcase classname="test_cases.Priorities_with_Enabled" name="driverInitialize" time="0.013"/>
  <system-out/>
  <testcase classname="test_cases.Priorities_with_Enabled" name="enterURL" time="0.002"/>
  <system-out/>
  <testcase classname="test_cases.Priorities_with_Enabled" name="driverClose" time="0.002"/>
  <system-out/>
  <testcase classname="test_cases.Priorities_with_Enabled" name="enterCredentials">
    <skipped/>
  </testcase> <!-- enterCredentials -->
  <system-out/>
  <testcase classname="test_cases.Priorities_with_Enabled" name="maximizeWindow">
    <skipped/>
  </testcase> <!-- maximizeWindow -->
  <system-out/>
</testsuite> <!-- test_cases.Priorities_with_Enabled -->
