<?xml version="1.0" encoding="UTF-8"?>
<!-- Generated by org.testng.reporters.JUnitReportReporter -->
<testsuite hostname="LAPTOP-CQ1GFPOJ" failures="0" tests="4" name="test_cases.Priorities_By_Char" time="0.015" errors="0" timestamp="2024-09-17T20:50:23 IST" skipped="0">
  <testcase classname="test_cases.Priorities_By_Char" name="driverInitialize" time="0.011"/>
  <system-out/>
  <testcase classname="test_cases.Priorities_By_Char" name="enterCredentials" time="0.002"/>
  <system-out/>
  <testcase classname="test_cases.Priorities_By_Char" name="enterURL" time="0.001"/>
  <system-out/>
  <testcase classname="test_cases.Priorities_By_Char" name="driverClose" time="0.001"/>
  <system-out/>
</testsuite> <!-- test_cases.Priorities_By_Char -->
