<?xml version="1.0" encoding="UTF-8"?>
<!-- Generated by org.testng.reporters.JUnitReportReporter -->
<testsuite hostname="LAPTOP-CQ1GFPOJ" failures="0" tests="2" name="test_cases.Demo" time="0.012" errors="0" timestamp="2024-09-16T13:11:04 IST" skipped="0">
  <testcase classname="test_cases.Demo" name="launchBrowser" time="0.002"/>
  <system-out/>
  <testcase classname="test_cases.Demo" name="enterURL" time="0.010"/>
  <system-out/>
</testsuite> <!-- test_cases.Demo -->
