<?xml version="1.0" encoding="UTF-8"?>
<!-- Generated by org.testng.reporters.JUnitReportReporter -->
<testsuite hostname="LAPTOP-CQ1GFPOJ" failures="0" tests="4" name="test_cases.Enabled" time="0.014" errors="0" timestamp="2024-05-09T19:15:01 IST" skipped="1">
  <testcase classname="test_cases.Enabled" name="enterURL" time="0.002"/>
  <system-out/>
  <testcase classname="test_cases.Enabled" name="driverClose" time="0.010"/>
  <system-out/>
  <testcase classname="test_cases.Enabled" name="driverInitialize" time="0.002"/>
  <system-out/>
  <testcase classname="test_cases.Enabled" name="enterCredentials">
    <skipped/>
  </testcase> <!-- enterCredentials -->
  <system-out/>
</testsuite> <!-- test_cases.Enabled -->
