<?xml version="1.0" encoding="UTF-8"?>
<!-- Generated by org.testng.reporters.JUnitReportReporter -->
<testsuite hostname="LAPTOP-CQ1GFPOJ" failures="0" tests="4" name="test_cases.Priorites_By_RandomNumbers" time="0.013" errors="0" timestamp="2024-09-17T20:51:35 IST" skipped="0">
  <testcase classname="test_cases.Priorites_By_RandomNumbers" name="driverClose" time="0.009"/>
  <system-out/>
  <testcase classname="test_cases.Priorites_By_RandomNumbers" name="enterURL" time="0.001"/>
  <system-out/>
  <testcase classname="test_cases.Priorites_By_RandomNumbers" name="enterCredentials" time="0.002"/>
  <system-out/>
  <testcase classname="test_cases.Priorites_By_RandomNumbers" name="driverInitialize" time="0.001"/>
  <system-out/>
</testsuite> <!-- test_cases.Priorites_By_RandomNumbers -->
