<?xml version="1.0" encoding="UTF-8"?>
<!-- Generated by org.testng.reporters.JUnitReportReporter -->
<testsuite hostname="LAPTOP-CQ1GFPOJ" failures="0" tests="1" name="test_Cases.VerifyLogin" time="20.287" errors="0" timestamp="2024-09-19T20:08:30 IST" skipped="0">
  <testcase classname="test_Cases.VerifyLogin" name="verifyLoginSteps" time="20.287"/>
  <system-out/>
</testsuite> <!-- test_Cases.VerifyLogin -->
