<?xml version="1.0" encoding="UTF-8"?>
<!-- Generated by org.testng.reporters.JUnitReportReporter -->
<testsuite hostname="LAPTOP-CQ1GFPOJ" failures="0" tests="3" name="test_scenarios.Verify_Login" time="20.249" errors="0" timestamp="2024-05-16T20:35:32 IST" skipped="0">
  <testcase classname="test_scenarios.Verify_Login" name="launchBrowser" time="10.274"/>
  <system-out/>
  <testcase classname="test_scenarios.Verify_Login" name="userLogin" time="2.265"/>
  <system-out/>
  <testcase classname="test_scenarios.Verify_Login" name="navigateToSection" time="7.710"/>
  <system-out/>
</testsuite> <!-- test_scenarios.Verify_Login -->
