<?xml version="1.0" encoding="UTF-8"?>
<!-- Generated by org.testng.reporters.JUnitReportReporter -->
<testsuite hostname="LAPTOP-CQ1GFPOJ" failures="0" tests="1" name="test_Cases.Sending_data_from_Excel" time="11.609" errors="0" timestamp="2024-09-20T10:09:04 IST" skipped="0">
  <testcase classname="test_Cases.Sending_data_from_Excel" name="sendData" time="11.609"/>
  <system-out/>
</testsuite> <!-- test_Cases.Sending_data_from_Excel -->
