<?xml version="1.0" encoding="UTF-8"?>
<!-- Generated by org.testng.reporters.JUnitReportReporter -->
<testsuite hostname="LAPTOP-CQ1GFPOJ" failures="0" tests="4" name="test_cases.Priorities_with_Char" time="0.014" errors="0" timestamp="2024-05-09T18:53:37 IST" skipped="0">
  <testcase classname="test_cases.Priorities_with_Char" name="driverInitialize" time="0.010"/>
  <system-out/>
  <testcase classname="test_cases.Priorities_with_Char" name="enterCredentials" time="0.002"/>
  <system-out/>
  <testcase classname="test_cases.Priorities_with_Char" name="enterURL" time="0.001"/>
  <system-out/>
  <testcase classname="test_cases.Priorities_with_Char" name="driverClose" time="0.001"/>
  <system-out/>
</testsuite> <!-- test_cases.Priorities_with_Char -->
