<?xml version="1.0" encoding="UTF-8"?>
<!-- Generated by org.testng.reporters.JUnitReportReporter -->
<testsuite hostname="LAPTOP-CQ1GFPOJ" failures="0" tests="6" name="test_scenarios.OrangeHRM_ops" time="24.699" errors="0" timestamp="2024-05-17T19:35:41 IST" skipped="0">
  <testcase classname="test_scenarios.OrangeHRM_ops" name="launchBrowser" time="13.953"/>
  <system-out/>
  <testcase classname="test_scenarios.OrangeHRM_ops" name="userLogin" time="2.294"/>
  <system-out/>
  <testcase classname="test_scenarios.OrangeHRM_ops" name="navigateToSection" time="8.289"/>
  <system-out/>
  <testcase classname="test_scenarios.OrangeHRM_ops" name="assign_DepText" time="0.047"/>
  <system-out/>
  <testcase classname="test_scenarios.OrangeHRM_ops" name="addButton_Text" time="0.030"/>
  <system-out/>
  <testcase classname="test_scenarios.OrangeHRM_ops" name="addButton" time="0.086"/>
  <system-out/>
</testsuite> <!-- test_scenarios.OrangeHRM_ops -->
