<?xml version="1.0" encoding="UTF-8"?>
<!-- Generated by org.testng.reporters.JUnitReportReporter -->
<testsuite hostname="LAPTOP-CQ1GFPOJ" failures="0" tests="4" name="test_cases.Priorities" time="0.008" errors="0" timestamp="2024-09-17T18:59:38 IST" skipped="0">
  <testcase classname="test_cases.Priorities" name="driverInitialize" time="0.006"/>
  <system-out/>
  <testcase classname="test_cases.Priorities" name="enterURL" time="0.001"/>
  <system-out/>
  <testcase classname="test_cases.Priorities" name="enterCredentials" time="0.000"/>
  <system-out/>
  <testcase classname="test_cases.Priorities" name="driverClose" time="0.001"/>
  <system-out/>
</testsuite> <!-- test_cases.Priorities -->
