<?xml version="1.0" encoding="UTF-8"?>
<!-- Generated by org.testng.reporters.JUnitReportReporter -->
<testsuite hostname="LAPTOP-CQ1GFPOJ" failures="0" tests="2" name="test_cases.Depends_On_Methods" time="0.015" errors="0" timestamp="2024-05-09T19:55:03 IST" skipped="0">
  <testcase classname="test_cases.Depends_On_Methods" name="enterURL" time="0.002"/>
  <system-out/>
  <testcase classname="test_cases.Depends_On_Methods" name="driverInitialize" time="0.013"/>
  <system-out/>
</testsuite> <!-- test_cases.Depends_On_Methods -->
