<?xml version="1.0" encoding="UTF-8"?>
<!-- Generated by org.testng.reporters.JUnitReportReporter -->
<testsuite hostname="LAPTOP-CQ1GFPOJ" failures="0" tests="2" name="test_cases.Annotations" time="0.009" errors="0" timestamp="2024-09-16T13:36:31 IST" skipped="0">
  <testcase classname="test_cases.Annotations" name="m2" time="0.002"/>
  <system-out/>
  <testcase classname="test_cases.Annotations" name="m1" time="0.007"/>
  <system-out/>
</testsuite> <!-- test_cases.Annotations -->
