<?xml version="1.0" encoding="UTF-8"?>
<!-- Generated by org.testng.reporters.JUnitReportReporter -->
<testsuite hostname="LAPTOP-CQ1GFPOJ" failures="0" tests="2" name="test_cases.Demo" time="0.010" errors="0" timestamp="2024-05-09T16:02:37 IST" skipped="0">
  <testcase classname="test_cases.Demo" name="launchBrowser" time="0.002"/>
  <system-out/>
  <testcase classname="test_cases.Demo" name="enterURL" time="0.008"/>
  <system-out/>
</testsuite> <!-- test_cases.Demo -->
