<?xml version="1.0" encoding="UTF-8"?>
<!-- Generated by org.testng.reporters.JUnitReportReporter -->
<testsuite hostname="LAPTOP-CQ1GFPOJ" failures="0" tests="5" name="test_cases.Attributes" time="0.007" errors="0" timestamp="2024-05-09T20:21:53 IST" skipped="3">
  <testcase classname="test_cases.Attributes" name="driverInitialize" time="0.006"/>
  <system-out/>
  <testcase classname="test_cases.Attributes" name="driverClose" time="0.001"/>
  <system-out/>
  <testcase classname="test_cases.Attributes" name="enterCredentials">
    <skipped/>
  </testcase> <!-- enterCredentials -->
  <system-out/>
  <testcase classname="test_cases.Attributes" name="enterURL">
    <skipped/>
  </testcase> <!-- enterURL -->
  <system-out/>
  <testcase classname="test_cases.Attributes" name="maximizeWindow">
    <skipped/>
  </testcase> <!-- maximizeWindow -->
  <system-out/>
</testsuite> <!-- test_cases.Attributes -->
