<?xml version="1.0" encoding="UTF-8"?>
<!-- Generated by org.testng.reporters.JUnitReportReporter -->
<testsuite hostname="LAPTOP-CQ1GFPOJ" failures="0" tests="2" name="test_cases.Verify_Login" time="15.998" errors="0" timestamp="2024-05-16T19:01:58 IST" skipped="0">
  <testcase classname="test_cases.Verify_Login" name="launchBrowser" time="13.703"/>
  <system-out/>
  <testcase classname="test_cases.Verify_Login" name="userLogin" time="2.295"/>
  <system-out/>
</testsuite> <!-- test_cases.Verify_Login -->
